2022-04-25 18:56:49,462 [Worker-7: Loading available Gradle versions] INFO  o.e.b.c.i.u.g.PublishedGradleVersions - Gradle version information cache is out-of-date. Trying to update.
2022-04-25 18:57:32,227 [Worker-16: Updating Maven Dependencies] INFO  o.e.m.c.i.l.LifecycleMappingFactory - Using org.eclipse.m2e.jdt.JarLifecycleMapping lifecycle mapping for MavenProject: com.example:SpringIdol:0.0.1-SNAPSHOT @ C:\ssd-hw\hw2\SpringIdol2(lecture3)\pom.xml.
2022-04-25 18:57:32,458 [Worker-0: Building] INFO  o.e.m.c.i.l.LifecycleMappingFactory - Using org.eclipse.m2e.jdt.JarLifecycleMapping lifecycle mapping for MavenProject: com.example:SpringIdol:0.0.1-SNAPSHOT @ C:\ssd-hw\hw2\SpringIdol2(lecture3)\pom.xml.
2022-04-25 18:57:36,115 [Worker-0: Building] INFO  o.e.m.c.i.embedder.EclipseLogger - Using 'UTF-8' encoding to copy filtered resources.
2022-04-25 18:57:36,125 [Worker-0: Building] INFO  o.e.m.c.i.embedder.EclipseLogger - Copying 3 resources
2022-04-25 18:57:36,157 [Worker-0: Building] INFO  o.e.m.c.i.embedder.EclipseLogger - Using 'UTF-8' encoding to copy filtered resources.
2022-04-25 18:57:36,158 [Worker-0: Building] INFO  o.e.m.c.i.embedder.EclipseLogger - skip non existing resourceDirectory C:\ssd-hw\hw2\SpringIdol2(lecture3)\src\test\resources
2022-04-25 18:57:38,253 [Worker-7: Updating Maven Dependencies] INFO  o.e.m.c.i.l.LifecycleMappingFactory - Using org.eclipse.m2e.jdt.JarLifecycleMapping lifecycle mapping for MavenProject: com.example:SpringIdol:0.0.1-SNAPSHOT @ C:\ssd-hw\hw2\SpringIdol2(lecture3)\pom.xml.
2022-04-25 18:57:43,588 [Worker-6: Building] INFO  o.e.m.c.i.l.LifecycleMappingFactory - Using org.eclipse.m2e.jdt.JarLifecycleMapping lifecycle mapping for MavenProject: com.example:SpringIdol:0.0.1-SNAPSHOT @ C:\ssd-hw\hw2\SpringIdol2(hw2-sol)\pom.xml.
2022-04-25 18:57:44,564 [Worker-6: Building] INFO  o.e.m.c.i.embedder.EclipseLogger - Using 'UTF-8' encoding to copy filtered resources.
2022-04-25 18:57:44,565 [Worker-6: Building] INFO  o.e.m.c.i.embedder.EclipseLogger - Copying 3 resources
2022-04-25 18:57:44,587 [Worker-6: Building] INFO  o.e.m.c.i.embedder.EclipseLogger - Using 'UTF-8' encoding to copy filtered resources.
2022-04-25 18:57:44,587 [Worker-6: Building] INFO  o.e.m.c.i.embedder.EclipseLogger - skip non existing resourceDirectory C:\ssd-hw\hw2\SpringIdol2(hw2-sol)\src\test\resources
2022-04-25 18:57:47,661 [Worker-6: Building] INFO  o.e.m.c.i.embedder.EclipseLogger - Using 'UTF-8' encoding to copy filtered resources.
2022-04-25 18:57:47,673 [Worker-6: Building] INFO  o.e.m.c.i.embedder.EclipseLogger - Copying 3 resources
2022-04-25 18:57:47,698 [Worker-6: Building] INFO  o.e.m.c.i.embedder.EclipseLogger - Using 'UTF-8' encoding to copy filtered resources.
2022-04-25 18:57:47,699 [Worker-6: Building] INFO  o.e.m.c.i.embedder.EclipseLogger - skip non existing resourceDirectory C:\ssd-hw\hw2\SpringIdol2(lecture3)\src\test\resources
2022-04-25 18:57:49,177 [Worker-8: Building] INFO  o.e.m.c.i.embedder.EclipseLogger - Using 'UTF-8' encoding to copy filtered resources.
2022-04-25 18:57:49,180 [Worker-8: Building] INFO  o.e.m.c.i.embedder.EclipseLogger - Copying 3 resources
2022-04-25 18:57:49,195 [Worker-8: Building] INFO  o.e.m.c.i.embedder.EclipseLogger - Using 'UTF-8' encoding to copy filtered resources.
2022-04-25 18:57:49,197 [Worker-8: Building] INFO  o.e.m.c.i.embedder.EclipseLogger - skip non existing resourceDirectory C:\ssd-hw\hw2\SpringIdol2(hw2-sol)\src\test\resources
2022-04-25 19:00:58,550 [Worker-15: Updating Maven Project] INFO  o.e.m.c.i.p.ProjectConfigurationManager - Update started
2022-04-25 19:00:58,741 [Worker-15: Updating Maven Project] INFO  o.e.m.c.i.l.LifecycleMappingFactory - Using org.eclipse.m2e.jdt.JarLifecycleMapping lifecycle mapping for MavenProject: com.example:SpringIdol:0.0.1-SNAPSHOT @ C:\ssd-hw\hw2\SpringIdol2(lecture3)\pom.xml.
2022-04-25 19:00:58,893 [Worker-15: Updating Maven Project] INFO  o.e.m.j.i.AbstractJavaProjectConfigurator - Adding source folder /SpringIdol2(lecture3)/src/main/java
2022-04-25 19:00:58,894 [Worker-15: Updating Maven Project] INFO  o.e.m.j.i.AbstractJavaProjectConfigurator - Adding resource folder /SpringIdol2(lecture3)/src/main/resources
2022-04-25 19:00:58,897 [Worker-15: Updating Maven Project] INFO  o.e.m.j.i.AbstractJavaProjectConfigurator - Adding source folder /SpringIdol2(lecture3)/src/test/java
2022-04-25 19:00:59,113 [Worker-15: Updating Maven Project] INFO  o.e.m.c.i.p.ProjectConfigurationManager - Update completed: 0 sec
2022-04-25 19:01:00,288 [Worker-12: Building] INFO  o.e.m.c.i.embedder.EclipseLogger - Using 'UTF-8' encoding to copy filtered resources.
2022-04-25 19:01:00,289 [Worker-12: Building] INFO  o.e.m.c.i.embedder.EclipseLogger - Copying 3 resources
2022-04-25 19:01:00,303 [Worker-12: Building] INFO  o.e.m.c.i.embedder.EclipseLogger - Using 'UTF-8' encoding to copy filtered resources.
2022-04-25 19:01:00,304 [Worker-12: Building] INFO  o.e.m.c.i.embedder.EclipseLogger - skip non existing resourceDirectory C:\ssd-hw\hw2\SpringIdol2(lecture3)\src\test\resources
2022-04-25 19:01:04,079 [Worker-22: Updating Maven Project] INFO  o.e.m.c.i.p.ProjectConfigurationManager - Update started
2022-04-25 19:01:04,252 [Worker-22: Updating Maven Project] INFO  o.e.m.c.i.l.LifecycleMappingFactory - Using org.eclipse.m2e.jdt.JarLifecycleMapping lifecycle mapping for MavenProject: com.example:SpringIdol:0.0.1-SNAPSHOT @ C:\ssd-hw\hw2\SpringIdol2(hw2-sol)\pom.xml.
2022-04-25 19:01:04,439 [Worker-22: Updating Maven Project] INFO  o.e.m.j.i.AbstractJavaProjectConfigurator - Adding source folder /SpringIdol2(hw2-sol)/src/main/java
2022-04-25 19:01:04,439 [Worker-22: Updating Maven Project] INFO  o.e.m.j.i.AbstractJavaProjectConfigurator - Adding resource folder /SpringIdol2(hw2-sol)/src/main/resources
2022-04-25 19:01:04,440 [Worker-22: Updating Maven Project] INFO  o.e.m.j.i.AbstractJavaProjectConfigurator - Adding source folder /SpringIdol2(hw2-sol)/src/test/java
2022-04-25 19:01:04,690 [Worker-22: Updating Maven Project] INFO  o.e.m.c.i.p.ProjectConfigurationManager - Update completed: 0 sec
2022-04-25 19:01:05,262 [Worker-20: Building] INFO  o.e.m.c.i.embedder.EclipseLogger - Using 'UTF-8' encoding to copy filtered resources.
2022-04-25 19:01:05,264 [Worker-20: Building] INFO  o.e.m.c.i.embedder.EclipseLogger - Copying 3 resources
2022-04-25 19:01:05,279 [Worker-20: Building] INFO  o.e.m.c.i.embedder.EclipseLogger - Using 'UTF-8' encoding to copy filtered resources.
2022-04-25 19:01:05,280 [Worker-20: Building] INFO  o.e.m.c.i.embedder.EclipseLogger - skip non existing resourceDirectory C:\ssd-hw\hw2\SpringIdol2(hw2-sol)\src\test\resources
2022-04-25 19:01:13,293 [Worker-22: Building] INFO  o.e.m.c.i.embedder.EclipseLogger - Using 'UTF-8' encoding to copy filtered resources.
2022-04-25 19:01:13,295 [Worker-22: Building] INFO  o.e.m.c.i.embedder.EclipseLogger - Copying 0 resource
2022-04-25 19:01:13,303 [Worker-22: Building] INFO  o.e.m.c.i.embedder.EclipseLogger - Using 'UTF-8' encoding to copy filtered resources.
2022-04-25 19:01:13,305 [Worker-22: Building] INFO  o.e.m.c.i.embedder.EclipseLogger - skip non existing resourceDirectory C:\ssd-hw\hw2\SpringIdol2(lecture3)\src\test\resources
2022-04-25 19:01:14,408 [Worker-12: Building Project SpringIdol2(lecture3)] INFO  o.e.m.c.i.embedder.EclipseLogger - Using 'UTF-8' encoding to copy filtered resources.
2022-04-25 19:01:14,409 [Worker-12: Building Project SpringIdol2(lecture3)] INFO  o.e.m.c.i.embedder.EclipseLogger - Copying 3 resources
2022-04-25 19:01:14,423 [Worker-12: Building Project SpringIdol2(lecture3)] INFO  o.e.m.c.i.embedder.EclipseLogger - Using 'UTF-8' encoding to copy filtered resources.
2022-04-25 19:01:14,424 [Worker-12: Building Project SpringIdol2(lecture3)] INFO  o.e.m.c.i.embedder.EclipseLogger - skip non existing resourceDirectory C:\ssd-hw\hw2\SpringIdol2(lecture3)\src\test\resources
2022-04-25 19:01:22,096 [Worker-22: Building Project SpringIdol2(lecture3)] INFO  o.e.m.c.i.embedder.EclipseLogger - Using 'UTF-8' encoding to copy filtered resources.
2022-04-25 19:01:22,097 [Worker-22: Building Project SpringIdol2(lecture3)] INFO  o.e.m.c.i.embedder.EclipseLogger - Copying 3 resources
2022-04-25 19:01:22,109 [Worker-22: Building Project SpringIdol2(lecture3)] INFO  o.e.m.c.i.embedder.EclipseLogger - Using 'UTF-8' encoding to copy filtered resources.
2022-04-25 19:01:22,110 [Worker-22: Building Project SpringIdol2(lecture3)] INFO  o.e.m.c.i.embedder.EclipseLogger - skip non existing resourceDirectory C:\ssd-hw\hw2\SpringIdol2(lecture3)\src\test\resources
2022-04-25 19:01:28,462 [Worker-21: Updating Maven Project] INFO  o.e.m.c.i.p.ProjectConfigurationManager - Update started
2022-04-25 19:01:28,613 [Worker-21: Updating Maven Project] INFO  o.e.m.c.i.l.LifecycleMappingFactory - Using org.eclipse.m2e.jdt.JarLifecycleMapping lifecycle mapping for MavenProject: com.example:SpringIdol:0.0.1-SNAPSHOT @ C:\ssd-hw\hw2\SpringIdol2(lecture3)\pom.xml.
2022-04-25 19:01:28,820 [Worker-21: Updating Maven Project] INFO  o.e.m.j.i.AbstractJavaProjectConfigurator - Adding source folder /SpringIdol2(lecture3)/src/main/java
2022-04-25 19:01:28,821 [Worker-21: Updating Maven Project] INFO  o.e.m.j.i.AbstractJavaProjectConfigurator - Adding resource folder /SpringIdol2(lecture3)/src/main/resources
2022-04-25 19:01:28,821 [Worker-21: Updating Maven Project] INFO  o.e.m.j.i.AbstractJavaProjectConfigurator - Adding source folder /SpringIdol2(lecture3)/src/test/java
2022-04-25 19:01:28,981 [Worker-21: Updating Maven Project] INFO  o.e.m.c.i.p.ProjectConfigurationManager - Update completed: 0 sec
2022-04-25 19:01:29,800 [Worker-15: Building] INFO  o.e.m.c.i.embedder.EclipseLogger - Using 'UTF-8' encoding to copy filtered resources.
2022-04-25 19:01:29,801 [Worker-15: Building] INFO  o.e.m.c.i.embedder.EclipseLogger - Copying 3 resources
2022-04-25 19:01:29,808 [Worker-15: Building] INFO  o.e.m.c.i.embedder.EclipseLogger - Using 'UTF-8' encoding to copy filtered resources.
2022-04-25 19:01:29,808 [Worker-15: Building] INFO  o.e.m.c.i.embedder.EclipseLogger - skip non existing resourceDirectory C:\ssd-hw\hw2\SpringIdol2(lecture3)\src\test\resources
2022-04-25 19:02:53,428 [Worker-23: Building Project SpringIdol2(hw2-sol)] INFO  o.e.m.c.i.embedder.EclipseLogger - Using 'UTF-8' encoding to copy filtered resources.
2022-04-25 19:02:53,431 [Worker-23: Building Project SpringIdol2(hw2-sol)] INFO  o.e.m.c.i.embedder.EclipseLogger - Copying 3 resources
2022-04-25 19:02:53,464 [Worker-23: Building Project SpringIdol2(hw2-sol)] INFO  o.e.m.c.i.embedder.EclipseLogger - Using 'UTF-8' encoding to copy filtered resources.
2022-04-25 19:02:53,465 [Worker-23: Building Project SpringIdol2(hw2-sol)] INFO  o.e.m.c.i.embedder.EclipseLogger - skip non existing resourceDirectory C:\ssd-hw\hw2\SpringIdol2(hw2-sol)\src\test\resources
2022-04-25 19:03:00,588 [Worker-12: Building Project SpringIdol2(hw2-sol)] INFO  o.e.m.c.i.embedder.EclipseLogger - Using 'UTF-8' encoding to copy filtered resources.
2022-04-25 19:03:00,589 [Worker-12: Building Project SpringIdol2(hw2-sol)] INFO  o.e.m.c.i.embedder.EclipseLogger - Copying 3 resources
2022-04-25 19:03:00,599 [Worker-12: Building Project SpringIdol2(hw2-sol)] INFO  o.e.m.c.i.embedder.EclipseLogger - Using 'UTF-8' encoding to copy filtered resources.
2022-04-25 19:03:00,600 [Worker-12: Building Project SpringIdol2(hw2-sol)] INFO  o.e.m.c.i.embedder.EclipseLogger - skip non existing resourceDirectory C:\ssd-hw\hw2\SpringIdol2(hw2-sol)\src\test\resources
2022-04-25 19:03:07,393 [Worker-10: Updating Maven Project] INFO  o.e.m.c.i.p.ProjectConfigurationManager - Update started
2022-04-25 19:03:07,821 [Worker-10: Updating Maven Project] INFO  o.e.m.c.i.l.LifecycleMappingFactory - Using org.eclipse.m2e.jdt.JarLifecycleMapping lifecycle mapping for MavenProject: com.example:SpringIdol:0.0.1-SNAPSHOT @ C:\ssd-hw\hw2\SpringIdol2(lecture3)\pom.xml.
2022-04-25 19:03:07,880 [Worker-10: Updating Maven Project] INFO  o.e.m.c.i.l.LifecycleMappingFactory - Using org.eclipse.m2e.jdt.JarLifecycleMapping lifecycle mapping for MavenProject: com.example:SpringIdol:0.0.1-SNAPSHOT @ C:\ssd-hw\hw2\SpringIdol2(hw2-sol)\pom.xml.
2022-04-25 19:03:08,325 [Worker-10: Updating Maven Project] INFO  o.e.m.j.i.AbstractJavaProjectConfigurator - Adding source folder /SpringIdol2(hw2-sol)/src/main/java
2022-04-25 19:03:08,325 [Worker-10: Updating Maven Project] INFO  o.e.m.j.i.AbstractJavaProjectConfigurator - Adding resource folder /SpringIdol2(hw2-sol)/src/main/resources
2022-04-25 19:03:08,327 [Worker-10: Updating Maven Project] INFO  o.e.m.j.i.AbstractJavaProjectConfigurator - Adding source folder /SpringIdol2(hw2-sol)/src/test/java
2022-04-25 19:03:08,380 [Worker-10: Updating Maven Project] INFO  o.e.m.j.i.AbstractJavaProjectConfigurator - Adding source folder /SpringIdol2(lecture3)/src/main/java
2022-04-25 19:03:08,381 [Worker-10: Updating Maven Project] INFO  o.e.m.j.i.AbstractJavaProjectConfigurator - Adding resource folder /SpringIdol2(lecture3)/src/main/resources
2022-04-25 19:03:08,381 [Worker-10: Updating Maven Project] INFO  o.e.m.j.i.AbstractJavaProjectConfigurator - Adding source folder /SpringIdol2(lecture3)/src/test/java
2022-04-25 19:03:08,603 [Worker-10: Updating Maven Project] INFO  o.e.m.c.i.p.ProjectConfigurationManager - Update completed: 1 sec
2022-04-25 19:03:09,201 [Worker-23: Building] INFO  o.e.m.c.i.embedder.EclipseLogger - Using 'UTF-8' encoding to copy filtered resources.
2022-04-25 19:03:09,202 [Worker-23: Building] INFO  o.e.m.c.i.embedder.EclipseLogger - Copying 3 resources
2022-04-25 19:03:09,225 [Worker-23: Building] INFO  o.e.m.c.i.embedder.EclipseLogger - Using 'UTF-8' encoding to copy filtered resources.
2022-04-25 19:03:09,225 [Worker-23: Building] INFO  o.e.m.c.i.embedder.EclipseLogger - skip non existing resourceDirectory C:\ssd-hw\hw2\SpringIdol2(hw2-sol)\src\test\resources
2022-04-25 19:03:10,204 [Worker-23: Building] INFO  o.e.m.c.i.embedder.EclipseLogger - Using 'UTF-8' encoding to copy filtered resources.
2022-04-25 19:03:10,205 [Worker-23: Building] INFO  o.e.m.c.i.embedder.EclipseLogger - Copying 3 resources
2022-04-25 19:03:10,218 [Worker-23: Building] INFO  o.e.m.c.i.embedder.EclipseLogger - Using 'UTF-8' encoding to copy filtered resources.
2022-04-25 19:03:10,219 [Worker-23: Building] INFO  o.e.m.c.i.embedder.EclipseLogger - skip non existing resourceDirectory C:\ssd-hw\hw2\SpringIdol2(lecture3)\src\test\resources
2022-04-25 19:05:02,134 [Worker-22: Building] INFO  o.e.m.c.i.embedder.EclipseLogger - Using 'UTF-8' encoding to copy filtered resources.
2022-04-25 19:05:02,138 [Worker-22: Building] INFO  o.e.m.c.i.embedder.EclipseLogger - Copying 0 resource
2022-04-25 19:05:02,141 [Worker-22: Building] INFO  o.e.m.c.i.embedder.EclipseLogger - Using 'UTF-8' encoding to copy filtered resources.
2022-04-25 19:05:02,142 [Worker-22: Building] INFO  o.e.m.c.i.embedder.EclipseLogger - skip non existing resourceDirectory C:\ssd-hw\hw2\SpringIdol2(hw2-sol)\src\test\resources
2022-04-25 19:05:02,198 [Worker-22: Building] INFO  o.e.m.c.i.embedder.EclipseLogger - Using 'UTF-8' encoding to copy filtered resources.
2022-04-25 19:05:02,199 [Worker-22: Building] INFO  o.e.m.c.i.embedder.EclipseLogger - Copying 0 resource
2022-04-25 19:05:02,205 [Worker-22: Building] INFO  o.e.m.c.i.embedder.EclipseLogger - Using 'UTF-8' encoding to copy filtered resources.
2022-04-25 19:05:02,208 [Worker-22: Building] INFO  o.e.m.c.i.embedder.EclipseLogger - skip non existing resourceDirectory C:\ssd-hw\hw2\SpringIdol2(lecture3)\src\test\resources
2022-04-25 19:05:05,445 [Worker-21: Building] INFO  o.e.m.c.i.embedder.EclipseLogger - Using 'UTF-8' encoding to copy filtered resources.
2022-04-25 19:05:05,447 [Worker-21: Building] INFO  o.e.m.c.i.embedder.EclipseLogger - Copying 3 resources
2022-04-25 19:05:05,463 [Worker-21: Building] INFO  o.e.m.c.i.embedder.EclipseLogger - Using 'UTF-8' encoding to copy filtered resources.
2022-04-25 19:05:05,464 [Worker-21: Building] INFO  o.e.m.c.i.embedder.EclipseLogger - skip non existing resourceDirectory C:\ssd-hw\hw2\SpringIdol2(lecture3)\src\test\resources
2022-04-25 19:05:24,955 [Worker-22: Building Project SpringIdol2(lecture3)] INFO  o.e.m.c.i.embedder.EclipseLogger - Using 'UTF-8' encoding to copy filtered resources.
2022-04-25 19:05:24,956 [Worker-22: Building Project SpringIdol2(lecture3)] INFO  o.e.m.c.i.embedder.EclipseLogger - Copying 3 resources
2022-04-25 19:05:24,966 [Worker-22: Building Project SpringIdol2(lecture3)] INFO  o.e.m.c.i.embedder.EclipseLogger - Using 'UTF-8' encoding to copy filtered resources.
2022-04-25 19:05:24,967 [Worker-22: Building Project SpringIdol2(lecture3)] INFO  o.e.m.c.i.embedder.EclipseLogger - skip non existing resourceDirectory C:\ssd-hw\hw2\SpringIdol2(lecture3)\src\test\resources
2022-04-25 19:05:31,621 [Worker-24: Building Project SpringIdol2(hw2-sol)] INFO  o.e.m.c.i.embedder.EclipseLogger - Using 'UTF-8' encoding to copy filtered resources.
2022-04-25 19:05:31,622 [Worker-24: Building Project SpringIdol2(hw2-sol)] INFO  o.e.m.c.i.embedder.EclipseLogger - Copying 3 resources
2022-04-25 19:05:31,634 [Worker-24: Building Project SpringIdol2(hw2-sol)] INFO  o.e.m.c.i.embedder.EclipseLogger - Using 'UTF-8' encoding to copy filtered resources.
2022-04-25 19:05:31,635 [Worker-24: Building Project SpringIdol2(hw2-sol)] INFO  o.e.m.c.i.embedder.EclipseLogger - skip non existing resourceDirectory C:\ssd-hw\hw2\SpringIdol2(hw2-sol)\src\test\resources
2022-04-25 19:13:09,532 [Worker-29: Building] INFO  o.e.m.c.i.embedder.EclipseLogger - Using 'UTF-8' encoding to copy filtered resources.
2022-04-25 19:13:09,533 [Worker-29: Building] INFO  o.e.m.c.i.embedder.EclipseLogger - Copying 0 resource
2022-04-25 19:13:09,537 [Worker-29: Building] INFO  o.e.m.c.i.embedder.EclipseLogger - Using 'UTF-8' encoding to copy filtered resources.
2022-04-25 19:13:09,537 [Worker-29: Building] INFO  o.e.m.c.i.embedder.EclipseLogger - skip non existing resourceDirectory C:\ssd-hw\hw2\SpringIdol2(hw2-sol)\src\test\resources
2022-04-25 19:13:09,549 [Worker-29: Building] INFO  o.e.m.c.i.embedder.EclipseLogger - Using 'UTF-8' encoding to copy filtered resources.
2022-04-25 19:13:09,549 [Worker-29: Building] INFO  o.e.m.c.i.embedder.EclipseLogger - Copying 0 resource
2022-04-25 19:13:09,550 [Worker-29: Building] INFO  o.e.m.c.i.embedder.EclipseLogger - Using 'UTF-8' encoding to copy filtered resources.
2022-04-25 19:13:09,551 [Worker-29: Building] INFO  o.e.m.c.i.embedder.EclipseLogger - skip non existing resourceDirectory C:\ssd-hw\hw2\SpringIdol2(lecture3)\src\test\resources
2022-04-25 19:24:42,650 [Worker-37: Building] INFO  o.e.m.c.i.embedder.EclipseLogger - Using 'UTF-8' encoding to copy filtered resources.
2022-04-25 19:24:42,652 [Worker-37: Building] INFO  o.e.m.c.i.embedder.EclipseLogger - Copying 3 resources
2022-04-25 19:24:42,654 [Worker-37: Building] INFO  o.e.m.c.i.embedder.EclipseLogger - Using 'UTF-8' encoding to copy filtered resources.
2022-04-25 19:24:42,655 [Worker-37: Building] INFO  o.e.m.c.i.embedder.EclipseLogger - skip non existing resourceDirectory C:\ssd-hw\hw2\SpringIdol2(lecture3)\src\test\resources
2022-04-25 19:32:40,123 [Worker-35: Building] INFO  o.e.m.c.i.embedder.EclipseLogger - Using 'UTF-8' encoding to copy filtered resources.
2022-04-25 19:32:40,125 [Worker-35: Building] INFO  o.e.m.c.i.embedder.EclipseLogger - Copying 3 resources
2022-04-25 19:32:40,127 [Worker-35: Building] INFO  o.e.m.c.i.embedder.EclipseLogger - Using 'UTF-8' encoding to copy filtered resources.
2022-04-25 19:32:40,128 [Worker-35: Building] INFO  o.e.m.c.i.embedder.EclipseLogger - skip non existing resourceDirectory C:\ssd-hw\hw2\SpringIdol2(lecture3)\src\test\resources
2022-04-25 19:34:18,059 [Worker-31: Building] INFO  o.e.m.c.i.embedder.EclipseLogger - Using 'UTF-8' encoding to copy filtered resources.
2022-04-25 19:34:18,061 [Worker-31: Building] INFO  o.e.m.c.i.embedder.EclipseLogger - Copying 3 resources
2022-04-25 19:34:18,064 [Worker-31: Building] INFO  o.e.m.c.i.embedder.EclipseLogger - Using 'UTF-8' encoding to copy filtered resources.
2022-04-25 19:34:18,065 [Worker-31: Building] INFO  o.e.m.c.i.embedder.EclipseLogger - skip non existing resourceDirectory C:\ssd-hw\hw2\SpringIdol2(lecture3)\src\test\resources
2022-04-25 19:36:29,583 [Worker-31: Building] INFO  o.e.m.c.i.embedder.EclipseLogger - Using 'UTF-8' encoding to copy filtered resources.
2022-04-25 19:36:29,584 [Worker-31: Building] INFO  o.e.m.c.i.embedder.EclipseLogger - Copying 3 resources
2022-04-25 19:36:29,586 [Worker-31: Building] INFO  o.e.m.c.i.embedder.EclipseLogger - Using 'UTF-8' encoding to copy filtered resources.
2022-04-25 19:36:29,586 [Worker-31: Building] INFO  o.e.m.c.i.embedder.EclipseLogger - skip non existing resourceDirectory C:\ssd-hw\hw2\SpringIdol2(lecture3)\src\test\resources
2022-04-25 19:43:12,544 [Worker-41: Building] INFO  o.e.m.c.i.embedder.EclipseLogger - Using 'UTF-8' encoding to copy filtered resources.
2022-04-25 19:43:12,545 [Worker-41: Building] INFO  o.e.m.c.i.embedder.EclipseLogger - Copying 3 resources
2022-04-25 19:43:12,546 [Worker-41: Building] INFO  o.e.m.c.i.embedder.EclipseLogger - Using 'UTF-8' encoding to copy filtered resources.
2022-04-25 19:43:12,547 [Worker-41: Building] INFO  o.e.m.c.i.embedder.EclipseLogger - skip non existing resourceDirectory C:\ssd-hw\hw2\SpringIdol2(lecture3)\src\test\resources
2022-04-25 19:48:18,572 [Worker-44: Building] INFO  o.e.m.c.i.embedder.EclipseLogger - Using 'UTF-8' encoding to copy filtered resources.
2022-04-25 19:48:18,573 [Worker-44: Building] INFO  o.e.m.c.i.embedder.EclipseLogger - Copying 3 resources
